  BaseManager.cpp
C:\Users\G2217\Desktop\プログラム\Dxlib\ActionGame\ActionGame\ActionGame\Common.h(142,17): warning C4244: '初期化中': 'double' から 'float' への変換です。データが失われる可能性があります。
C:\Users\G2217\Desktop\プログラム\Dxlib\ActionGame\ActionGame\ActionGame\Common.h(139,15): message : クラス テンプレート メンバー関数 'float Vector2<float>::VSize(Vector2<float>)' のコンパイル中
C:\Users\G2217\Desktop\プログラム\Dxlib\ActionGame\ActionGame\ActionGame\BaseManager.cpp(34,2): message : 'BaseManager::IsNearDistance' の 'Vector2<float>::VSize' への最初の参照を参照してください
C:\Users\G2217\Desktop\プログラム\Dxlib\ActionGame\ActionGame\ActionGame\BaseManager.h(17,15): message : コンパイル対象の クラス テンプレート インスタンス化 'Vector2<float>' のリファレンスを確認してください
  BaseObject.cpp
  BaseScene.cpp
  BlockManager.cpp
  Bullet.cpp
  BulletManager.cpp
C:\Users\G2217\Desktop\プログラム\Dxlib\ActionGame\ActionGame\ActionGame\Common.h(142,17): warning C4244: '初期化中': 'double' から 'float' への変換です。データが失われる可能性があります。
C:\Users\G2217\Desktop\プログラム\Dxlib\ActionGame\ActionGame\ActionGame\Common.h(139,15): message : クラス テンプレート メンバー関数 'float Vector2<float>::VSize(Vector2<float>)' のコンパイル中
C:\Users\G2217\Desktop\プログラム\Dxlib\ActionGame\ActionGame\ActionGame\BulletManager.cpp(133,2): message : 'BulletManager::IsNearDistance' の 'Vector2<float>::VSize' への最初の参照を参照してください
C:\Users\G2217\Desktop\プログラム\Dxlib\ActionGame\ActionGame\ActionGame\BaseManager.h(17,15): message : コンパイル対象の クラス テンプレート インスタンス化 'Vector2<float>' のリファレンスを確認してください
  Camera.cpp
C:\Users\G2217\Desktop\プログラム\Dxlib\ActionGame\ActionGame\ActionGame\Camera.cpp(16,32): warning C4244: '=': 'unsigned __int64' から 'float' への変換です。データが失われる可能性があります。
C:\Users\G2217\Desktop\プログラム\Dxlib\ActionGame\ActionGame\ActionGame\Camera.cpp(17,26): warning C4244: '=': 'unsigned __int64' から 'float' への変換です。データが失われる可能性があります。
  Chara.cpp
  CollisionManager.cpp
  CollisionObject.cpp
C:\Users\G2217\Desktop\プログラム\Dxlib\ActionGame\ActionGame\ActionGame\CollisionObject.cpp(38,25): warning C4244: '引数': 'float' から 'int' への変換です。データが失われる可能性があります。
C:\Users\G2217\Desktop\プログラム\Dxlib\ActionGame\ActionGame\ActionGame\CollisionObject.cpp(37,25): warning C4244: '引数': 'float' から 'int' への変換です。データが失われる可能性があります。
C:\Users\G2217\Desktop\プログラム\Dxlib\ActionGame\ActionGame\ActionGame\CollisionObject.cpp(36,25): warning C4244: '引数': 'float' から 'int' への変換です。データが失われる可能性があります。
C:\Users\G2217\Desktop\プログラム\Dxlib\ActionGame\ActionGame\ActionGame\CollisionObject.cpp(35,25): warning C4244: '引数': 'float' から 'int' への変換です。データが失われる可能性があります。
  CollisionProcessing.cpp
C:\Users\G2217\Desktop\プログラム\Dxlib\ActionGame\ActionGame\ActionGame\Common.h(142,17): warning C4244: '初期化中': 'double' から 'float' への変換です。データが失われる可能性があります。
C:\Users\G2217\Desktop\プログラム\Dxlib\ActionGame\ActionGame\ActionGame\Common.h(139,15): message : クラス テンプレート メンバー関数 'float Vector2<float>::VSize(Vector2<float>)' のコンパイル中
C:\Users\G2217\Desktop\プログラム\Dxlib\ActionGame\ActionGame\ActionGame\CollisionProcessing.cpp(148,2): message : 'CollisionProcessing::IsNearDistance' の 'Vector2<float>::VSize' への最初の参照を参照してください
C:\Users\G2217\Desktop\プログラム\Dxlib\ActionGame\ActionGame\ActionGame\BaseManager.h(17,15): message : コンパイル対象の クラス テンプレート インスタンス化 'Vector2<float>' のリファレンスを確認してください
  CommonObjectAndManager.cpp
  CsvFile.cpp
  Enemy.cpp
  EnemyManager.cpp
  GameMaster.cpp
  GameScene.cpp
  NormalBullet.cpp
C:\Users\G2217\Desktop\プログラム\Dxlib\ActionGame\ActionGame\ActionGame\NormalBullet.cpp(35,25): warning C4244: '引数': 'float' から 'int' への変換です。データが失われる可能性があります。
C:\Users\G2217\Desktop\プログラム\Dxlib\ActionGame\ActionGame\ActionGame\NormalBullet.cpp(34,25): warning C4244: '引数': 'float' から 'int' への変換です。データが失われる可能性があります。
C:\Users\G2217\Desktop\プログラム\Dxlib\ActionGame\ActionGame\ActionGame\NormalBullet.cpp(33,25): warning C4244: '引数': 'float' から 'int' への変換です。データが失われる可能性があります。
C:\Users\G2217\Desktop\プログラム\Dxlib\ActionGame\ActionGame\ActionGame\NormalBullet.cpp(32,25): warning C4244: '引数': 'float' から 'int' への変換です。データが失われる可能性があります。
  Player.cpp
C:\Users\G2217\Desktop\プログラム\Dxlib\ActionGame\ActionGame\ActionGame\Player.cpp(136,25): warning C4244: '引数': 'float' から 'int' への変換です。データが失われる可能性があります。
C:\Users\G2217\Desktop\プログラム\Dxlib\ActionGame\ActionGame\ActionGame\Player.cpp(135,25): warning C4244: '引数': 'float' から 'int' への変換です。データが失われる可能性があります。
C:\Users\G2217\Desktop\プログラム\Dxlib\ActionGame\ActionGame\ActionGame\Player.cpp(134,25): warning C4244: '引数': 'float' から 'int' への変換です。データが失われる可能性があります。
C:\Users\G2217\Desktop\プログラム\Dxlib\ActionGame\ActionGame\ActionGame\Player.cpp(133,25): warning C4244: '引数': 'float' から 'int' への変換です。データが失われる可能性があります。
C:\Users\G2217\Desktop\プログラム\Dxlib\ActionGame\ActionGame\ActionGame\Player.cpp(343,39): warning C4244: '*=': 'float' から 'int' への変換です。データが失われる可能性があります。
C:\Users\G2217\Desktop\プログラム\Dxlib\ActionGame\ActionGame\ActionGame\Player.cpp(436,29): warning C4244: '=': 'float' から 'int' への変換です。データが失われる可能性があります。
  PositionSetter.cpp
  コードを生成中...
  コンパイル中...
  Terry.cpp
C:\Users\G2217\Desktop\プログラム\Dxlib\ActionGame\ActionGame\ActionGame\Terry.cpp(72,25): warning C4244: '引数': 'float' から 'int' への変換です。データが失われる可能性があります。
C:\Users\G2217\Desktop\プログラム\Dxlib\ActionGame\ActionGame\ActionGame\Terry.cpp(71,25): warning C4244: '引数': 'float' から 'int' への変換です。データが失われる可能性があります。
C:\Users\G2217\Desktop\プログラム\Dxlib\ActionGame\ActionGame\ActionGame\Terry.cpp(70,25): warning C4244: '引数': 'float' から 'int' への変換です。データが失われる可能性があります。
C:\Users\G2217\Desktop\プログラム\Dxlib\ActionGame\ActionGame\ActionGame\Terry.cpp(69,25): warning C4244: '引数': 'float' から 'int' への変換です。データが失われる可能性があります。
  コードを生成中...
  ActionGame.vcxproj -> C:\Users\G2217\Desktop\プログラム\Dxlib\ActionGame\ActionGame\x64\Debug\ActionGame.exe
