c:\users\g2217\desktop\プログラム\dxlib\actiongame\actiongame\actiongame\x64\release\vc143.pdb
c:\users\g2217\desktop\プログラム\dxlib\actiongame\actiongame\actiongame\x64\release\enemy.obj
c:\users\g2217\desktop\プログラム\dxlib\actiongame\actiongame\actiongame\x64\release\effectmanager.obj
c:\users\g2217\desktop\プログラム\dxlib\actiongame\actiongame\actiongame\x64\release\effect.obj
c:\users\g2217\desktop\プログラム\dxlib\actiongame\actiongame\actiongame\x64\release\csvfile.obj
c:\users\g2217\desktop\プログラム\dxlib\actiongame\actiongame\actiongame\x64\release\commonobjectandmanager.obj
c:\users\g2217\desktop\プログラム\dxlib\actiongame\actiongame\actiongame\x64\release\collisionprocessing.obj
c:\users\g2217\desktop\プログラム\dxlib\actiongame\actiongame\actiongame\x64\release\collisionmanager.obj
c:\users\g2217\desktop\プログラム\dxlib\actiongame\actiongame\actiongame\x64\release\collisiondata.obj
c:\users\g2217\desktop\プログラム\dxlib\actiongame\actiongame\actiongame\x64\release\chara.obj
c:\users\g2217\desktop\プログラム\dxlib\actiongame\actiongame\actiongame\x64\release\collisionobject.obj
c:\users\g2217\desktop\プログラム\dxlib\actiongame\actiongame\actiongame\x64\release\camera.obj
c:\users\g2217\desktop\プログラム\dxlib\actiongame\actiongame\actiongame\x64\release\bulletmanager.obj
c:\users\g2217\desktop\プログラム\dxlib\actiongame\actiongame\actiongame\x64\release\bullet.obj
c:\users\g2217\desktop\プログラム\dxlib\actiongame\actiongame\actiongame\x64\release\blockmanager.obj
c:\users\g2217\desktop\プログラム\dxlib\actiongame\actiongame\actiongame\x64\release\block.obj
c:\users\g2217\desktop\プログラム\dxlib\actiongame\actiongame\actiongame\x64\release\basescene.obj
c:\users\g2217\desktop\プログラム\dxlib\actiongame\actiongame\actiongame\x64\release\baseobject.obj
c:\users\g2217\desktop\プログラム\dxlib\actiongame\actiongame\actiongame\x64\release\basemanager.obj
c:\users\g2217\desktop\プログラム\dxlib\actiongame\actiongame\actiongame\x64\release\ballbullet.obj
c:\users\g2217\desktop\プログラム\dxlib\actiongame\actiongame\actiongame\x64\release\animation.obj
c:\users\g2217\desktop\プログラム\dxlib\actiongame\actiongame\actiongame\x64\release\warpobject.obj
c:\users\g2217\desktop\プログラム\dxlib\actiongame\actiongame\actiongame\x64\release\warpmanager.obj
c:\users\g2217\desktop\プログラム\dxlib\actiongame\actiongame\actiongame\x64\release\titlescene.obj
c:\users\g2217\desktop\プログラム\dxlib\actiongame\actiongame\actiongame\x64\release\terry.obj
c:\users\g2217\desktop\プログラム\dxlib\actiongame\actiongame\actiongame\x64\release\state.obj
c:\users\g2217\desktop\プログラム\dxlib\actiongame\actiongame\actiongame\x64\release\scenechange.obj
c:\users\g2217\desktop\プログラム\dxlib\actiongame\actiongame\actiongame\x64\release\positionsetter.obj
c:\users\g2217\desktop\プログラム\dxlib\actiongame\actiongame\actiongame\x64\release\player.obj
c:\users\g2217\desktop\プログラム\dxlib\actiongame\actiongame\actiongame\x64\release\normalbullet.obj
c:\users\g2217\desktop\プログラム\dxlib\actiongame\actiongame\actiongame\x64\release\metalman.obj
c:\users\g2217\desktop\プログラム\dxlib\actiongame\actiongame\actiongame\x64\release\metall.obj
c:\users\g2217\desktop\プログラム\dxlib\actiongame\actiongame\actiongame\x64\release\metalbullet.obj
c:\users\g2217\desktop\プログラム\dxlib\actiongame\actiongame\actiongame\x64\release\life.obj
c:\users\g2217\desktop\プログラム\dxlib\actiongame\actiongame\actiongame\x64\release\keycontrolle.obj
c:\users\g2217\desktop\プログラム\dxlib\actiongame\actiongame\actiongame\x64\release\image.obj
c:\users\g2217\desktop\プログラム\dxlib\actiongame\actiongame\actiongame\x64\release\gravity.obj
c:\users\g2217\desktop\プログラム\dxlib\actiongame\actiongame\actiongame\x64\release\gamescene.obj
c:\users\g2217\desktop\プログラム\dxlib\actiongame\actiongame\actiongame\x64\release\gamemaster.obj
c:\users\g2217\desktop\プログラム\dxlib\actiongame\actiongame\actiongame\x64\release\fall.obj
c:\users\g2217\desktop\プログラム\dxlib\actiongame\actiongame\actiongame\x64\release\enemymanager.obj
c:\users\g2217\desktop\プログラム\dxlib\actiongame\actiongame\actiongame\x64\release\ソース.obj
c:\users\g2217\desktop\プログラム\dxlib\actiongame\actiongame\actiongame\x64\release\waveout.obj
c:\users\g2217\desktop\プログラム\dxlib\actiongame\actiongame\actiongame\x64\release\actiongame.tlog\cl.command.1.tlog
c:\users\g2217\desktop\プログラム\dxlib\actiongame\actiongame\actiongame\x64\release\actiongame.tlog\cl.read.1.tlog
c:\users\g2217\desktop\プログラム\dxlib\actiongame\actiongame\actiongame\x64\release\actiongame.tlog\cl.write.1.tlog
c:\users\g2217\desktop\プログラム\dxlib\actiongame\actiongame\actiongame\x64\release\actiongame.tlog\link.command.1.tlog
c:\users\g2217\desktop\プログラム\dxlib\actiongame\actiongame\actiongame\x64\release\actiongame.tlog\link.read.1.tlog
c:\users\g2217\desktop\プログラム\dxlib\actiongame\actiongame\actiongame\x64\release\actiongame.tlog\link.write.1.tlog
