  BallBullet.cpp
C:\Users\yurin\OneDrive\デスクトップ\Visual\ActionGame\ActionGame\ActionGame\Animation.h(55,33): warning C4244: 'return': 'const float' から 'int' への変換です。データが失われる可能性があります。
  (ソース ファイル 'BallBullet.cpp' をコンパイルしています)
  
C:\Users\yurin\OneDrive\デスクトップ\Visual\ActionGame\ActionGame\ActionGame\BallBullet.cpp(41,25): warning C4244: '引数': 'float' から 'int' への変換です。データが失われる可能性があります。
C:\Users\yurin\OneDrive\デスクトップ\Visual\ActionGame\ActionGame\ActionGame\BallBullet.cpp(40,25): warning C4244: '引数': 'float' から 'int' への変換です。データが失われる可能性があります。
C:\Users\yurin\OneDrive\デスクトップ\Visual\ActionGame\ActionGame\ActionGame\BallBullet.cpp(39,25): warning C4244: '引数': 'float' から 'int' への変換です。データが失われる可能性があります。
C:\Users\yurin\OneDrive\デスクトップ\Visual\ActionGame\ActionGame\ActionGame\BallBullet.cpp(38,25): warning C4244: '引数': 'float' から 'int' への変換です。データが失われる可能性があります。
  BaseManager.cpp
C:\Users\yurin\OneDrive\デスクトップ\Visual\ActionGame\ActionGame\ActionGame\Animation.h(55,33): warning C4244: 'return': 'const float' から 'int' への変換です。データが失われる可能性があります。
  (ソース ファイル 'BaseManager.cpp' をコンパイルしています)
  
C:\Users\yurin\OneDrive\デスクトップ\Visual\ActionGame\ActionGame\ActionGame\BaseManager.cpp(42,32): warning C4244: '=': 'int' から 'float' への変換です。データが失われる可能性があります。
C:\Users\yurin\OneDrive\デスクトップ\Visual\ActionGame\ActionGame\ActionGame\BaseManager.cpp(43,32): warning C4244: '=': 'int' から 'float' への変換です。データが失われる可能性があります。
C:\Users\yurin\OneDrive\デスクトップ\Visual\ActionGame\ActionGame\ActionGame\Common.h(145,17): warning C4244: '初期化中': 'double' から 'float' への変換です。データが失われる可能性があります。
  (ソース ファイル 'BaseManager.cpp' をコンパイルしています)
      C:\Users\yurin\OneDrive\デスクトップ\Visual\ActionGame\ActionGame\ActionGame\Common.h(145,17):
      テンプレートインスタンス化コンテキスト (最初に最も古いもの) は
          C:\Users\yurin\OneDrive\デスクトップ\Visual\ActionGame\ActionGame\ActionGame\BaseManager.h(17,15):
          コンパイル対象の クラス テンプレート インスタンス化 'Vector2<float>' のリファレンスを確認してください
          C:\Users\yurin\OneDrive\デスクトップ\Visual\ActionGame\ActionGame\ActionGame\Common.h(142,15):
          クラス テンプレート メンバー関数 'float Vector2<float>::VSize(Vector2<float>)' のコンパイル中
              C:\Users\yurin\OneDrive\デスクトップ\Visual\ActionGame\ActionGame\ActionGame\BaseManager.cpp(34,2):
              'BaseManager::IsNearDistance' の 'Vector2<float>::VSize' への最初の参照を参照してください
  
  BaseObject.cpp
C:\Users\yurin\OneDrive\デスクトップ\Visual\ActionGame\ActionGame\ActionGame\Animation.h(55,33): warning C4244: 'return': 'const float' から 'int' への変換です。データが失われる可能性があります。
  (ソース ファイル 'BaseObject.cpp' をコンパイルしています)
  
  BaseScene.cpp
C:\Users\yurin\OneDrive\デスクトップ\Visual\ActionGame\ActionGame\ActionGame\Animation.h(55,33): warning C4244: 'return': 'const float' から 'int' への変換です。データが失われる可能性があります。
  (ソース ファイル 'BaseScene.cpp' をコンパイルしています)
  
  Block.cpp
C:\Users\yurin\OneDrive\デスクトップ\Visual\ActionGame\ActionGame\ActionGame\Animation.h(55,33): warning C4244: 'return': 'const float' から 'int' への変換です。データが失われる可能性があります。
  (ソース ファイル 'Block.cpp' をコンパイルしています)
  
C:\Users\yurin\OneDrive\デスクトップ\Visual\ActionGame\ActionGame\ActionGame\Block.cpp(31,25): warning C4244: '引数': 'float' から 'int' への変換です。データが失われる可能性があります。
C:\Users\yurin\OneDrive\デスクトップ\Visual\ActionGame\ActionGame\ActionGame\Block.cpp(30,25): warning C4244: '引数': 'float' から 'int' への変換です。データが失われる可能性があります。
C:\Users\yurin\OneDrive\デスクトップ\Visual\ActionGame\ActionGame\ActionGame\Block.cpp(29,25): warning C4244: '引数': 'float' から 'int' への変換です。データが失われる可能性があります。
C:\Users\yurin\OneDrive\デスクトップ\Visual\ActionGame\ActionGame\ActionGame\Block.cpp(28,25): warning C4244: '引数': 'float' から 'int' への変換です。データが失われる可能性があります。
  BlockManager.cpp
C:\Users\yurin\OneDrive\デスクトップ\Visual\ActionGame\ActionGame\ActionGame\Animation.h(55,33): warning C4244: 'return': 'const float' から 'int' への変換です。データが失われる可能性があります。
  (ソース ファイル 'BlockManager.cpp' をコンパイルしています)
  
  Bullet.cpp
C:\Users\yurin\OneDrive\デスクトップ\Visual\ActionGame\ActionGame\ActionGame\Animation.h(55,33): warning C4244: 'return': 'const float' から 'int' への変換です。データが失われる可能性があります。
  (ソース ファイル 'Bullet.cpp' をコンパイルしています)
  
  BulletManager.cpp
C:\Users\yurin\OneDrive\デスクトップ\Visual\ActionGame\ActionGame\ActionGame\Animation.h(55,33): warning C4244: 'return': 'const float' から 'int' への変換です。データが失われる可能性があります。
  (ソース ファイル 'BulletManager.cpp' をコンパイルしています)
  
C:\Users\yurin\OneDrive\デスクトップ\Visual\ActionGame\ActionGame\ActionGame\Common.h(145,17): warning C4244: '初期化中': 'double' から 'float' への変換です。データが失われる可能性があります。
  (ソース ファイル 'BulletManager.cpp' をコンパイルしています)
      C:\Users\yurin\OneDrive\デスクトップ\Visual\ActionGame\ActionGame\ActionGame\Common.h(145,17):
      テンプレートインスタンス化コンテキスト (最初に最も古いもの) は
          C:\Users\yurin\OneDrive\デスクトップ\Visual\ActionGame\ActionGame\ActionGame\BaseManager.h(17,15):
          コンパイル対象の クラス テンプレート インスタンス化 'Vector2<float>' のリファレンスを確認してください
          C:\Users\yurin\OneDrive\デスクトップ\Visual\ActionGame\ActionGame\ActionGame\Common.h(142,15):
          クラス テンプレート メンバー関数 'float Vector2<float>::VSize(Vector2<float>)' のコンパイル中
              C:\Users\yurin\OneDrive\デスクトップ\Visual\ActionGame\ActionGame\ActionGame\BulletManager.cpp(174,2):
              'BulletManager::IsNearDistance' の 'Vector2<float>::VSize' への最初の参照を参照してください
  
  Camera.cpp
C:\Users\yurin\OneDrive\デスクトップ\Visual\ActionGame\ActionGame\ActionGame\Animation.h(55,33): warning C4244: 'return': 'const float' から 'int' への変換です。データが失われる可能性があります。
  (ソース ファイル 'Camera.cpp' をコンパイルしています)
  
C:\Users\yurin\OneDrive\デスクトップ\Visual\ActionGame\ActionGame\ActionGame\Camera.cpp(22,23): warning C4244: '=': 'int' から 'float' への変換です。データが失われる可能性があります。
C:\Users\yurin\OneDrive\デスクトップ\Visual\ActionGame\ActionGame\ActionGame\Camera.cpp(27,23): warning C4244: '=': 'int' から 'float' への変換です。データが失われる可能性があります。
C:\Users\yurin\OneDrive\デスクトップ\Visual\ActionGame\ActionGame\ActionGame\Camera.cpp(32,23): warning C4244: '=': 'int' から 'float' への変換です。データが失われる可能性があります。
C:\Users\yurin\OneDrive\デスクトップ\Visual\ActionGame\ActionGame\ActionGame\Camera.cpp(37,23): warning C4244: '=': 'int' から 'float' への変換です。データが失われる可能性があります。
  CollisionObject.cpp
C:\Users\yurin\OneDrive\デスクトップ\Visual\ActionGame\ActionGame\ActionGame\Animation.h(55,33): warning C4244: 'return': 'const float' から 'int' への変換です。データが失われる可能性があります。
  (ソース ファイル 'CollisionObject.cpp' をコンパイルしています)
  
  Chara.cpp
C:\Users\yurin\OneDrive\デスクトップ\Visual\ActionGame\ActionGame\ActionGame\Animation.h(55,33): warning C4244: 'return': 'const float' から 'int' への変換です。データが失われる可能性があります。
  (ソース ファイル 'Chara.cpp' をコンパイルしています)
  
  CollisionManager.cpp
C:\Users\yurin\OneDrive\デスクトップ\Visual\ActionGame\ActionGame\ActionGame\Animation.h(55,33): warning C4244: 'return': 'const float' から 'int' への変換です。データが失われる可能性があります。
  (ソース ファイル 'CollisionManager.cpp' をコンパイルしています)
  
  CollisionProcessing.cpp
C:\Users\yurin\OneDrive\デスクトップ\Visual\ActionGame\ActionGame\ActionGame\Animation.h(55,33): warning C4244: 'return': 'const float' から 'int' への変換です。データが失われる可能性があります。
  (ソース ファイル 'CollisionProcessing.cpp' をコンパイルしています)
  
C:\Users\yurin\OneDrive\デスクトップ\Visual\ActionGame\ActionGame\ActionGame\Common.h(145,17): warning C4244: '初期化中': 'double' から 'float' への変換です。データが失われる可能性があります。
  (ソース ファイル 'CollisionProcessing.cpp' をコンパイルしています)
      C:\Users\yurin\OneDrive\デスクトップ\Visual\ActionGame\ActionGame\ActionGame\Common.h(145,17):
      テンプレートインスタンス化コンテキスト (最初に最も古いもの) は
          C:\Users\yurin\OneDrive\デスクトップ\Visual\ActionGame\ActionGame\ActionGame\BaseManager.h(17,15):
          コンパイル対象の クラス テンプレート インスタンス化 'Vector2<float>' のリファレンスを確認してください
          C:\Users\yurin\OneDrive\デスクトップ\Visual\ActionGame\ActionGame\ActionGame\Common.h(142,15):
          クラス テンプレート メンバー関数 'float Vector2<float>::VSize(Vector2<float>)' のコンパイル中
              C:\Users\yurin\OneDrive\デスクトップ\Visual\ActionGame\ActionGame\ActionGame\CollisionProcessing.cpp(148,2):
              'CollisionProcessing::IsNearDistance' の 'Vector2<float>::VSize' への最初の参照を参照してください
  
  CommonObjectAndManager.cpp
C:\Users\yurin\OneDrive\デスクトップ\Visual\ActionGame\ActionGame\ActionGame\Animation.h(55,33): warning C4244: 'return': 'const float' から 'int' への変換です。データが失われる可能性があります。
  (ソース ファイル 'CommonObjectAndManager.cpp' をコンパイルしています)
  
  Effect.cpp
C:\Users\yurin\OneDrive\デスクトップ\Visual\ActionGame\ActionGame\ActionGame\Animation.h(55,33): warning C4244: 'return': 'const float' から 'int' への変換です。データが失われる可能性があります。
  (ソース ファイル 'Effect.cpp' をコンパイルしています)
  
C:\Users\yurin\OneDrive\デスクトップ\Visual\ActionGame\ActionGame\ActionGame\Effect.cpp(26,41): warning C4244: '初期化中': 'float' から 'int' への変換です。データが失われる可能性があります。
C:\Users\yurin\OneDrive\デスクトップ\Visual\ActionGame\ActionGame\ActionGame\Effect.cpp(65,25): warning C4244: '引数': 'float' から 'int' への変換です。データが失われる可能性があります。
C:\Users\yurin\OneDrive\デスクトップ\Visual\ActionGame\ActionGame\ActionGame\Effect.cpp(64,25): warning C4244: '引数': 'float' から 'int' への変換です。データが失われる可能性があります。
C:\Users\yurin\OneDrive\デスクトップ\Visual\ActionGame\ActionGame\ActionGame\Effect.cpp(63,25): warning C4244: '引数': 'float' から 'int' への変換です。データが失われる可能性があります。
C:\Users\yurin\OneDrive\デスクトップ\Visual\ActionGame\ActionGame\ActionGame\Effect.cpp(62,25): warning C4244: '引数': 'float' から 'int' への変換です。データが失われる可能性があります。
  EffectManager.cpp
C:\Users\yurin\OneDrive\デスクトップ\Visual\ActionGame\ActionGame\ActionGame\Animation.h(55,33): warning C4244: 'return': 'const float' から 'int' への変換です。データが失われる可能性があります。
  (ソース ファイル 'EffectManager.cpp' をコンパイルしています)
  
  Enemy.cpp
C:\Users\yurin\OneDrive\デスクトップ\Visual\ActionGame\ActionGame\ActionGame\Animation.h(55,33): warning C4244: 'return': 'const float' から 'int' への変換です。データが失われる可能性があります。
  (ソース ファイル 'Enemy.cpp' をコンパイルしています)
  
  EnemyManager.cpp
C:\Users\yurin\OneDrive\デスクトップ\Visual\ActionGame\ActionGame\ActionGame\Animation.h(55,33): warning C4244: 'return': 'const float' から 'int' への変換です。データが失われる可能性があります。
  (ソース ファイル 'EnemyManager.cpp' をコンパイルしています)
  
  GameMaster.cpp
C:\Users\yurin\OneDrive\デスクトップ\Visual\ActionGame\ActionGame\ActionGame\Animation.h(55,33): warning C4244: 'return': 'const float' から 'int' への変換です。データが失われる可能性があります。
  (ソース ファイル 'GameMaster.cpp' をコンパイルしています)
  
  GameScene.cpp
C:\Users\yurin\OneDrive\デスクトップ\Visual\ActionGame\ActionGame\ActionGame\Animation.h(55,33): warning C4244: 'return': 'const float' から 'int' への変換です。データが失われる可能性があります。
  (ソース ファイル 'GameScene.cpp' をコンパイルしています)
  
C:\Users\yurin\OneDrive\デスクトップ\Visual\ActionGame\ActionGame\ActionGame\GameScene.cpp(17,36): warning C4244: '初期化中': 'float' から 'int' への変換です。データが失われる可能性があります。
C:\Users\yurin\OneDrive\デスクトップ\Visual\ActionGame\ActionGame\ActionGame\GameScene.cpp(134,39): warning C4244: '引数': 'float' から 'int' への変換です。データが失われる可能性があります。
  コンパイル中...
  MetalBullet.cpp
C:\Users\yurin\OneDrive\デスクトップ\Visual\ActionGame\ActionGame\ActionGame\Animation.h(55,33): warning C4244: 'return': 'const float' から 'int' への変換です。データが失われる可能性があります。
  (ソース ファイル 'MetalBullet.cpp' をコンパイルしています)
  
C:\Users\yurin\OneDrive\デスクトップ\Visual\ActionGame\ActionGame\ActionGame\MetalBullet.cpp(40,25): warning C4244: '引数': 'float' から 'int' への変換です。データが失われる可能性があります。
C:\Users\yurin\OneDrive\デスクトップ\Visual\ActionGame\ActionGame\ActionGame\MetalBullet.cpp(39,25): warning C4244: '引数': 'float' から 'int' への変換です。データが失われる可能性があります。
C:\Users\yurin\OneDrive\デスクトップ\Visual\ActionGame\ActionGame\ActionGame\MetalBullet.cpp(38,25): warning C4244: '引数': 'float' から 'int' への変換です。データが失われる可能性があります。
C:\Users\yurin\OneDrive\デスクトップ\Visual\ActionGame\ActionGame\ActionGame\MetalBullet.cpp(37,25): warning C4244: '引数': 'float' から 'int' への変換です。データが失われる可能性があります。
  Metall.cpp
C:\Users\yurin\OneDrive\デスクトップ\Visual\ActionGame\ActionGame\ActionGame\Animation.h(55,33): warning C4244: 'return': 'const float' から 'int' への変換です。データが失われる可能性があります。
  (ソース ファイル 'Metall.cpp' をコンパイルしています)
  
C:\Users\yurin\OneDrive\デスクトップ\Visual\ActionGame\ActionGame\ActionGame\Metall.cpp(96,26): warning C4244: '引数': 'float' から 'int' への変換です。データが失われる可能性があります。
C:\Users\yurin\OneDrive\デスクトップ\Visual\ActionGame\ActionGame\ActionGame\Metall.cpp(95,26): warning C4244: '引数': 'float' から 'int' への変換です。データが失われる可能性があります。
C:\Users\yurin\OneDrive\デスクトップ\Visual\ActionGame\ActionGame\ActionGame\Metall.cpp(94,26): warning C4244: '引数': 'float' から 'int' への変換です。データが失われる可能性があります。
C:\Users\yurin\OneDrive\デスクトップ\Visual\ActionGame\ActionGame\ActionGame\Metall.cpp(93,26): warning C4244: '引数': 'float' から 'int' への変換です。データが失われる可能性があります。
C:\Users\yurin\OneDrive\デスクトップ\Visual\ActionGame\ActionGame\ActionGame\Metall.cpp(108,26): warning C4244: '引数': 'float' から 'int' への変換です。データが失われる可能性があります。
C:\Users\yurin\OneDrive\デスクトップ\Visual\ActionGame\ActionGame\ActionGame\Metall.cpp(107,26): warning C4244: '引数': 'float' から 'int' への変換です。データが失われる可能性があります。
C:\Users\yurin\OneDrive\デスクトップ\Visual\ActionGame\ActionGame\ActionGame\Metall.cpp(106,26): warning C4244: '引数': 'float' から 'int' への変換です。データが失われる可能性があります。
C:\Users\yurin\OneDrive\デスクトップ\Visual\ActionGame\ActionGame\ActionGame\Metall.cpp(105,26): warning C4244: '引数': 'float' から 'int' への変換です。データが失われる可能性があります。
C:\Users\yurin\OneDrive\デスクトップ\Visual\ActionGame\ActionGame\ActionGame\Metall.cpp(303,25): warning C4244: '引数': 'int' から 'float' への変換です。データが失われる可能性があります。
C:\Users\yurin\OneDrive\デスクトップ\Visual\ActionGame\ActionGame\ActionGame\Common.h(145,17): warning C4244: '初期化中': 'double' から 'float' への変換です。データが失われる可能性があります。
  (ソース ファイル 'Metall.cpp' をコンパイルしています)
      C:\Users\yurin\OneDrive\デスクトップ\Visual\ActionGame\ActionGame\ActionGame\Common.h(145,17):
      テンプレートインスタンス化コンテキスト (最初に最も古いもの) は
          C:\Users\yurin\OneDrive\デスクトップ\Visual\ActionGame\ActionGame\ActionGame\BaseManager.h(17,15):
          コンパイル対象の クラス テンプレート インスタンス化 'Vector2<float>' のリファレンスを確認してください
          C:\Users\yurin\OneDrive\デスクトップ\Visual\ActionGame\ActionGame\ActionGame\Common.h(142,15):
          クラス テンプレート メンバー関数 'float Vector2<float>::VSize(Vector2<float>)' のコンパイル中
              C:\Users\yurin\OneDrive\デスクトップ\Visual\ActionGame\ActionGame\ActionGame\Metall.cpp(271,2):
              'Metall::IsNearDistance' の 'Vector2<float>::VSize' への最初の参照を参照してください
  
  MetalMan.cpp
C:\Users\yurin\OneDrive\デスクトップ\Visual\ActionGame\ActionGame\ActionGame\Animation.h(55,33): warning C4244: 'return': 'const float' から 'int' への変換です。データが失われる可能性があります。
  (ソース ファイル 'MetalMan.cpp' をコンパイルしています)
  
C:\Users\yurin\OneDrive\デスクトップ\Visual\ActionGame\ActionGame\ActionGame\MetalMan.cpp(114,25): warning C4244: '引数': 'float' から 'int' への変換です。データが失われる可能性があります。
C:\Users\yurin\OneDrive\デスクトップ\Visual\ActionGame\ActionGame\ActionGame\MetalMan.cpp(113,25): warning C4244: '引数': 'float' から 'int' への変換です。データが失われる可能性があります。
C:\Users\yurin\OneDrive\デスクトップ\Visual\ActionGame\ActionGame\ActionGame\MetalMan.cpp(112,25): warning C4244: '引数': 'float' から 'int' への変換です。データが失われる可能性があります。
C:\Users\yurin\OneDrive\デスクトップ\Visual\ActionGame\ActionGame\ActionGame\MetalMan.cpp(111,25): warning C4244: '引数': 'float' から 'int' への変換です。データが失われる可能性があります。
C:\Users\yurin\OneDrive\デスクトップ\Visual\ActionGame\ActionGame\ActionGame\MetalMan.cpp(126,25): warning C4244: '引数': 'float' から 'int' への変換です。データが失われる可能性があります。
C:\Users\yurin\OneDrive\デスクトップ\Visual\ActionGame\ActionGame\ActionGame\MetalMan.cpp(125,25): warning C4244: '引数': 'float' から 'int' への変換です。データが失われる可能性があります。
C:\Users\yurin\OneDrive\デスクトップ\Visual\ActionGame\ActionGame\ActionGame\MetalMan.cpp(124,25): warning C4244: '引数': 'float' から 'int' への変換です。データが失われる可能性があります。
C:\Users\yurin\OneDrive\デスクトップ\Visual\ActionGame\ActionGame\ActionGame\MetalMan.cpp(123,25): warning C4244: '引数': 'float' から 'int' への変換です。データが失われる可能性があります。
C:\Users\yurin\OneDrive\デスクトップ\Visual\ActionGame\ActionGame\ActionGame\MetalMan.cpp(135,35): warning C4244: '初期化中': 'float' から 'int' への変換です。データが失われる可能性があります。
C:\Users\yurin\OneDrive\デスクトップ\Visual\ActionGame\ActionGame\ActionGame\MetalMan.cpp(295,46): warning C4244: '初期化中': 'float' から 'int' への変換です。データが失われる可能性があります。
C:\Users\yurin\OneDrive\デスクトップ\Visual\ActionGame\ActionGame\ActionGame\Common.h(145,17): warning C4244: '初期化中': 'double' から 'float' への変換です。データが失われる可能性があります。
  (ソース ファイル 'MetalMan.cpp' をコンパイルしています)
      C:\Users\yurin\OneDrive\デスクトップ\Visual\ActionGame\ActionGame\ActionGame\Common.h(145,17):
      テンプレートインスタンス化コンテキスト (最初に最も古いもの) は
          C:\Users\yurin\OneDrive\デスクトップ\Visual\ActionGame\ActionGame\ActionGame\BaseManager.h(17,15):
          コンパイル対象の クラス テンプレート インスタンス化 'Vector2<float>' のリファレンスを確認してください
          C:\Users\yurin\OneDrive\デスクトップ\Visual\ActionGame\ActionGame\ActionGame\Common.h(142,15):
          クラス テンプレート メンバー関数 'float Vector2<float>::VSize(Vector2<float>)' のコンパイル中
              C:\Users\yurin\OneDrive\デスクトップ\Visual\ActionGame\ActionGame\ActionGame\MetalMan.cpp(307,2):
              'MetalMan::IsNearDistance' の 'Vector2<float>::VSize' への最初の参照を参照してください
  
  NormalBullet.cpp
C:\Users\yurin\OneDrive\デスクトップ\Visual\ActionGame\ActionGame\ActionGame\Animation.h(55,33): warning C4244: 'return': 'const float' から 'int' への変換です。データが失われる可能性があります。
  (ソース ファイル 'NormalBullet.cpp' をコンパイルしています)
  
C:\Users\yurin\OneDrive\デスクトップ\Visual\ActionGame\ActionGame\ActionGame\NormalBullet.cpp(41,25): warning C4244: '引数': 'float' から 'int' への変換です。データが失われる可能性があります。
C:\Users\yurin\OneDrive\デスクトップ\Visual\ActionGame\ActionGame\ActionGame\NormalBullet.cpp(40,25): warning C4244: '引数': 'float' から 'int' への変換です。データが失われる可能性があります。
C:\Users\yurin\OneDrive\デスクトップ\Visual\ActionGame\ActionGame\ActionGame\NormalBullet.cpp(39,25): warning C4244: '引数': 'float' から 'int' への変換です。データが失われる可能性があります。
C:\Users\yurin\OneDrive\デスクトップ\Visual\ActionGame\ActionGame\ActionGame\NormalBullet.cpp(38,25): warning C4244: '引数': 'float' から 'int' への変換です。データが失われる可能性があります。
  Player.cpp
C:\Users\yurin\OneDrive\デスクトップ\Visual\ActionGame\ActionGame\ActionGame\Animation.h(55,33): warning C4244: 'return': 'const float' から 'int' への変換です。データが失われる可能性があります。
  (ソース ファイル 'Player.cpp' をコンパイルしています)
  
C:\Users\yurin\OneDrive\デスクトップ\Visual\ActionGame\ActionGame\ActionGame\Player.cpp(82,41): warning C4244: '=': 'int' から 'float' への変換です。データが失われる可能性があります。
C:\Users\yurin\OneDrive\デスクトップ\Visual\ActionGame\ActionGame\ActionGame\Player.cpp(83,41): warning C4244: '=': 'int' から 'float' への変換です。データが失われる可能性があります。
C:\Users\yurin\OneDrive\デスクトップ\Visual\ActionGame\ActionGame\ActionGame\Player.cpp(170,25): warning C4244: '引数': 'float' から 'int' への変換です。データが失われる可能性があります。
C:\Users\yurin\OneDrive\デスクトップ\Visual\ActionGame\ActionGame\ActionGame\Player.cpp(169,25): warning C4244: '引数': 'float' から 'int' への変換です。データが失われる可能性があります。
C:\Users\yurin\OneDrive\デスクトップ\Visual\ActionGame\ActionGame\ActionGame\Player.cpp(168,25): warning C4244: '引数': 'float' から 'int' への変換です。データが失われる可能性があります。
C:\Users\yurin\OneDrive\デスクトップ\Visual\ActionGame\ActionGame\ActionGame\Player.cpp(167,25): warning C4244: '引数': 'float' から 'int' への変換です。データが失われる可能性があります。
C:\Users\yurin\OneDrive\デスクトップ\Visual\ActionGame\ActionGame\ActionGame\Player.cpp(514,18): warning C4244: '=': 'float' から 'int' への変換です。データが失われる可能性があります。
C:\Users\yurin\OneDrive\デスクトップ\Visual\ActionGame\ActionGame\ActionGame\Player.cpp(596,29): warning C4244: '=': 'float' から 'int' への変換です。データが失われる可能性があります。
  PositionSetter.cpp
C:\Users\yurin\OneDrive\デスクトップ\Visual\ActionGame\ActionGame\ActionGame\Animation.h(55,33): warning C4244: 'return': 'const float' から 'int' への変換です。データが失われる可能性があります。
  (ソース ファイル 'PositionSetter.cpp' をコンパイルしています)
  
  Terry.cpp
C:\Users\yurin\OneDrive\デスクトップ\Visual\ActionGame\ActionGame\ActionGame\Animation.h(55,33): warning C4244: 'return': 'const float' から 'int' への変換です。データが失われる可能性があります。
  (ソース ファイル 'Terry.cpp' をコンパイルしています)
  
C:\Users\yurin\OneDrive\デスクトップ\Visual\ActionGame\ActionGame\ActionGame\Terry.cpp(77,25): warning C4244: '引数': 'float' から 'int' への変換です。データが失われる可能性があります。
C:\Users\yurin\OneDrive\デスクトップ\Visual\ActionGame\ActionGame\ActionGame\Terry.cpp(76,25): warning C4244: '引数': 'float' から 'int' への変換です。データが失われる可能性があります。
C:\Users\yurin\OneDrive\デスクトップ\Visual\ActionGame\ActionGame\ActionGame\Terry.cpp(75,25): warning C4244: '引数': 'float' から 'int' への変換です。データが失われる可能性があります。
C:\Users\yurin\OneDrive\デスクトップ\Visual\ActionGame\ActionGame\ActionGame\Terry.cpp(74,25): warning C4244: '引数': 'float' から 'int' への変換です。データが失われる可能性があります。
  TitleScene.cpp
C:\Users\yurin\OneDrive\デスクトップ\Visual\ActionGame\ActionGame\ActionGame\Animation.h(55,33): warning C4244: 'return': 'const float' から 'int' への変換です。データが失われる可能性があります。
  (ソース ファイル 'TitleScene.cpp' をコンパイルしています)
  
C:\Users\yurin\OneDrive\デスクトップ\Visual\ActionGame\ActionGame\ActionGame\TitleScene.cpp(57,40): warning C4244: '初期化中': 'float' から 'int' への変換です。データが失われる可能性があります。
C:\Users\yurin\OneDrive\デスクトップ\Visual\ActionGame\ActionGame\ActionGame\TitleScene.cpp(106,3): warning C4244: '引数': 'const float' から 'int' への変換です。データが失われる可能性があります。
C:\Users\yurin\OneDrive\デスクトップ\Visual\ActionGame\ActionGame\ActionGame\TitleScene.cpp(105,3): warning C4244: '引数': 'const float' から 'int' への変換です。データが失われる可能性があります。
C:\Users\yurin\OneDrive\デスクトップ\Visual\ActionGame\ActionGame\ActionGame\TitleScene.cpp(104,3): warning C4244: '引数': 'const float' から 'int' への変換です。データが失われる可能性があります。
C:\Users\yurin\OneDrive\デスクトップ\Visual\ActionGame\ActionGame\ActionGame\TitleScene.cpp(103,3): warning C4244: '引数': 'const float' から 'int' への変換です。データが失われる可能性があります。
C:\Users\yurin\OneDrive\デスクトップ\Visual\ActionGame\ActionGame\ActionGame\TitleScene.cpp(115,14): warning C4244: '引数': 'float' から 'int' への変換です。データが失われる可能性があります。
  WarpManager.cpp
C:\Users\yurin\OneDrive\デスクトップ\Visual\ActionGame\ActionGame\ActionGame\Animation.h(55,33): warning C4244: 'return': 'const float' から 'int' への変換です。データが失われる可能性があります。
  (ソース ファイル 'WarpManager.cpp' をコンパイルしています)
  
C:\Users\yurin\OneDrive\デスクトップ\Visual\ActionGame\ActionGame\ActionGame\Common.h(145,17): warning C4244: '初期化中': 'double' から 'float' への変換です。データが失われる可能性があります。
  (ソース ファイル 'WarpManager.cpp' をコンパイルしています)
      C:\Users\yurin\OneDrive\デスクトップ\Visual\ActionGame\ActionGame\ActionGame\Common.h(145,17):
      テンプレートインスタンス化コンテキスト (最初に最も古いもの) は
          C:\Users\yurin\OneDrive\デスクトップ\Visual\ActionGame\ActionGame\ActionGame\BaseManager.h(17,15):
          コンパイル対象の クラス テンプレート インスタンス化 'Vector2<float>' のリファレンスを確認してください
          C:\Users\yurin\OneDrive\デスクトップ\Visual\ActionGame\ActionGame\ActionGame\Common.h(142,15):
          クラス テンプレート メンバー関数 'float Vector2<float>::VSize(Vector2<float>)' のコンパイル中
              C:\Users\yurin\OneDrive\デスクトップ\Visual\ActionGame\ActionGame\ActionGame\WarpManager.cpp(96,2):
              'WarpManager::IsNearDistance' の 'Vector2<float>::VSize' への最初の参照を参照してください
  
  WarpObject.cpp
C:\Users\yurin\OneDrive\デスクトップ\Visual\ActionGame\ActionGame\ActionGame\Animation.h(55,33): warning C4244: 'return': 'const float' から 'int' への変換です。データが失われる可能性があります。
  (ソース ファイル 'WarpObject.cpp' をコンパイルしています)
  
C:\Users\yurin\OneDrive\デスクトップ\Visual\ActionGame\ActionGame\ActionGame\WarpObject.cpp(53,25): warning C4244: '引数': 'float' から 'int' への変換です。データが失われる可能性があります。
C:\Users\yurin\OneDrive\デスクトップ\Visual\ActionGame\ActionGame\ActionGame\WarpObject.cpp(52,25): warning C4244: '引数': 'float' から 'int' への変換です。データが失われる可能性があります。
C:\Users\yurin\OneDrive\デスクトップ\Visual\ActionGame\ActionGame\ActionGame\WarpObject.cpp(51,25): warning C4244: '引数': 'float' から 'int' への変換です。データが失われる可能性があります。
C:\Users\yurin\OneDrive\デスクトップ\Visual\ActionGame\ActionGame\ActionGame\WarpObject.cpp(50,25): warning C4244: '引数': 'float' から 'int' への変換です。データが失われる可能性があります。
C:\Users\yurin\OneDrive\デスクトップ\Visual\ActionGame\ActionGame\ActionGame\WarpObject.cpp(65,25): warning C4244: '引数': 'float' から 'int' への変換です。データが失われる可能性があります。
C:\Users\yurin\OneDrive\デスクトップ\Visual\ActionGame\ActionGame\ActionGame\WarpObject.cpp(64,25): warning C4244: '引数': 'float' から 'int' への変換です。データが失われる可能性があります。
C:\Users\yurin\OneDrive\デスクトップ\Visual\ActionGame\ActionGame\ActionGame\WarpObject.cpp(63,25): warning C4244: '引数': 'float' から 'int' への変換です。データが失われる可能性があります。
C:\Users\yurin\OneDrive\デスクトップ\Visual\ActionGame\ActionGame\ActionGame\WarpObject.cpp(62,25): warning C4244: '引数': 'float' から 'int' への変換です。データが失われる可能性があります。
  コード生成しています。
  2 of 1647 functions ( 0.1%) were compiled, the rest were copied from previous compilation.
    1 functions were new in current compilation
    9 functions had inline decision re-evaluated but remain unchanged
  コード生成が終了しました。
  ActionGame.vcxproj -> C:\Users\yurin\OneDrive\デスクトップ\Visual\ActionGame\ActionGame\x64\Release\ActionGame.exe
